<?xml version="1.0" encoding="UTF-8"?>
<!-- Generated by org.testng.reporters.JUnitXMLReporter -->
<testsuite ignored="0" hostname="Dell" failures="0" tests="3" name="MenuLinks Test" time="299.321" errors="0" timestamp="2021-05-19T10:21:12 PKT">
  <testcase classname="com.menuLinks.testCases.TC_01" name="menuLinks" time="12.501"/>
  <testcase classname="com.menuLinks.testCases.TC_02" name="main" time="85.665"/>
  <testcase classname="com.menuLinks.testCases.TC_03" name="TC3" time="140.781"/>
</testsuite> <!-- MenuLinks Test -->
