<?xml version="1.0" encoding="UTF-8"?>
<!-- Generated by org.testng.reporters.JUnitXMLReporter -->
<testsuite ignored="0" hostname="Dell" failures="0" tests="3" name="MenuLinks Test" time="232.484" errors="0" timestamp="2021-05-19T11:38:38 PKT">
  <testcase classname="com.menuLinks.testCases.TC_01" name="TC1" time="12.491"/>
  <testcase classname="com.menuLinks.testCases.TC_02" name="TC2" time="70.997"/>
  <testcase classname="com.menuLinks.testCases.TC_03" name="TC3" time="84.284"/>
</testsuite> <!-- MenuLinks Test -->
