<?xml version="1.0" encoding="UTF-8"?>
<testng-results ignored="0" total="3" passed="3" failed="0" skipped="0">
  <reporter-output>
  </reporter-output>
  <suite started-at="2021-05-19T10:16:13 PKT" name="MenuLinks" finished-at="2021-05-19T10:21:12 PKT" duration-ms="299321">
    <groups>
    </groups>
    <test started-at="2021-05-19T10:16:13 PKT" name="MenuLinks Test" finished-at="2021-05-19T10:21:12 PKT" duration-ms="299321">
      <class name="com.menuLinks.testCases.TC_01">
        <test-method is-config="true" signature="setup(java.lang.String)[pri:0, instance:com.menuLinks.testCases.TC_01@49e5f737]" started-at="2021-05-19T10:16:13 PKT" name="setup" finished-at="2021-05-19T10:16:47 PKT" duration-ms="33899" status="PASS">
          <params>
            <param index="0">
              <value>
                <![CDATA[chrome]]>
              </value>
            </param>
          </params>
          <reporter-output>
          </reporter-output>
        </test-method> <!-- setup -->
        <test-method signature="menuLinks()[pri:0, instance:com.menuLinks.testCases.TC_01@49e5f737]" started-at="2021-05-19T10:16:47 PKT" name="menuLinks" finished-at="2021-05-19T10:16:59 PKT" duration-ms="12501" status="PASS">
          <reporter-output>
          </reporter-output>
        </test-method> <!-- menuLinks -->
        <test-method is-config="true" signature="tearDown()[pri:0, instance:com.menuLinks.testCases.TC_01@49e5f737]" started-at="2021-05-19T10:16:59 PKT" name="tearDown" finished-at="2021-05-19T10:17:00 PKT" duration-ms="905" status="PASS">
          <reporter-output>
          </reporter-output>
        </test-method> <!-- tearDown -->
      </class> <!-- com.menuLinks.testCases.TC_01 -->
      <class name="com.menuLinks.testCases.TC_02">
        <test-method signature="main(java.lang.String)[pri:0, instance:com.menuLinks.testCases.TC_02@3af9c5b7]" started-at="2021-05-19T10:17:00 PKT" name="main" finished-at="2021-05-19T10:18:26 PKT" duration-ms="85665" status="PASS">
          <params>
            <param index="0">
              <value>
                <![CDATA[chrome]]>
              </value>
            </param>
          </params>
          <reporter-output>
          </reporter-output>
        </test-method> <!-- main -->
      </class> <!-- com.menuLinks.testCases.TC_02 -->
      <class name="com.menuLinks.testCases.TC_03">
        <test-method is-config="true" signature="setup(java.lang.String)[pri:0, instance:com.menuLinks.testCases.TC_03@37271612]" started-at="2021-05-19T10:18:26 PKT" name="setup" finished-at="2021-05-19T10:18:50 PKT" duration-ms="24512" status="PASS">
          <params>
            <param index="0">
              <value>
                <![CDATA[chrome]]>
              </value>
            </param>
          </params>
          <reporter-output>
          </reporter-output>
        </test-method> <!-- setup -->
        <test-method signature="TC3()[pri:0, instance:com.menuLinks.testCases.TC_03@37271612]" started-at="2021-05-19T10:18:50 PKT" name="TC3" finished-at="2021-05-19T10:21:11 PKT" duration-ms="140781" status="PASS">
          <reporter-output>
          </reporter-output>
        </test-method> <!-- TC3 -->
        <test-method is-config="true" signature="tearDown()[pri:0, instance:com.menuLinks.testCases.TC_03@37271612]" started-at="2021-05-19T10:21:11 PKT" name="tearDown" finished-at="2021-05-19T10:21:12 PKT" duration-ms="1006" status="PASS">
          <reporter-output>
          </reporter-output>
        </test-method> <!-- tearDown -->
      </class> <!-- com.menuLinks.testCases.TC_03 -->
    </test> <!-- MenuLinks Test -->
  </suite> <!-- MenuLinks -->
</testng-results>
