<?xml version="1.0" encoding="UTF-8"?>
<testng-results ignored="0" total="3" passed="3" failed="0" skipped="0">
  <reporter-output>
  </reporter-output>
  <suite started-at="2021-05-19T11:34:45 PKT" name="MenuLinks" finished-at="2021-05-19T11:38:38 PKT" duration-ms="232484">
    <groups>
    </groups>
    <test started-at="2021-05-19T11:34:45 PKT" name="MenuLinks Test" finished-at="2021-05-19T11:38:38 PKT" duration-ms="232484">
      <class name="com.menuLinks.testCases.TC_01">
        <test-method is-config="true" signature="setup(java.lang.String)[pri:0, instance:com.menuLinks.testCases.TC_01@515aebb0]" started-at="2021-05-19T11:34:46 PKT" name="setup" finished-at="2021-05-19T11:35:19 PKT" duration-ms="33056" status="PASS">
          <params>
            <param index="0">
              <value>
                <![CDATA[chrome]]>
              </value>
            </param>
          </params>
          <reporter-output>
          </reporter-output>
        </test-method> <!-- setup -->
        <test-method signature="TC1()[pri:0, instance:com.menuLinks.testCases.TC_01@515aebb0]" started-at="2021-05-19T11:35:19 PKT" name="TC1" finished-at="2021-05-19T11:35:31 PKT" duration-ms="12491" status="PASS">
          <reporter-output>
          </reporter-output>
        </test-method> <!-- TC1 -->
        <test-method is-config="true" signature="tearDown()[pri:0, instance:com.menuLinks.testCases.TC_01@515aebb0]" started-at="2021-05-19T11:35:31 PKT" name="tearDown" finished-at="2021-05-19T11:35:32 PKT" duration-ms="849" status="PASS">
          <reporter-output>
          </reporter-output>
        </test-method> <!-- tearDown -->
      </class> <!-- com.menuLinks.testCases.TC_01 -->
      <class name="com.menuLinks.testCases.TC_02">
        <test-method signature="TC2(java.lang.String)[pri:0, instance:com.menuLinks.testCases.TC_02@595b007d]" started-at="2021-05-19T11:35:32 PKT" name="TC2" finished-at="2021-05-19T11:36:43 PKT" duration-ms="70997" status="PASS">
          <params>
            <param index="0">
              <value>
                <![CDATA[chrome]]>
              </value>
            </param>
          </params>
          <reporter-output>
          </reporter-output>
        </test-method> <!-- TC2 -->
      </class> <!-- com.menuLinks.testCases.TC_02 -->
      <class name="com.menuLinks.testCases.TC_03">
        <test-method is-config="true" signature="setup(java.lang.String)[pri:0, instance:com.menuLinks.testCases.TC_03@72d1ad2e]" started-at="2021-05-19T11:36:43 PKT" name="setup" finished-at="2021-05-19T11:37:13 PKT" duration-ms="29389" status="PASS">
          <params>
            <param index="0">
              <value>
                <![CDATA[chrome]]>
              </value>
            </param>
          </params>
          <reporter-output>
          </reporter-output>
        </test-method> <!-- setup -->
        <test-method signature="TC3()[pri:0, instance:com.menuLinks.testCases.TC_03@72d1ad2e]" started-at="2021-05-19T11:37:13 PKT" name="TC3" finished-at="2021-05-19T11:38:37 PKT" duration-ms="84284" status="PASS">
          <reporter-output>
          </reporter-output>
        </test-method> <!-- TC3 -->
        <test-method is-config="true" signature="tearDown()[pri:0, instance:com.menuLinks.testCases.TC_03@72d1ad2e]" started-at="2021-05-19T11:38:37 PKT" name="tearDown" finished-at="2021-05-19T11:38:38 PKT" duration-ms="1043" status="PASS">
          <reporter-output>
          </reporter-output>
        </test-method> <!-- tearDown -->
      </class> <!-- com.menuLinks.testCases.TC_03 -->
    </test> <!-- MenuLinks Test -->
  </suite> <!-- MenuLinks -->
</testng-results>
